# JRE version: OpenJDK Runtime Environment Temurin-17.0.6+10 (17.0.6+10) (build 17.0.6+10)
# Java VM: OpenJDK 64-Bit Server VM Temurin-17.0.6+10 (17.0.6+10, mixed mode, tiered, compressed oops, compressed class ptrs, parallel gc, windows-amd64)
GC Precious Log:
 CPUs: 4 total, 4 available
 Memory: 8081M
 Large Page Support: Disabled
 NUMA Support: Disabled
 Compressed Oops: Enabled (32-bit)
 Alignments: Space 512K, Generation 512K, Heap 2M
 Heap Min Capacity: 100M
 Heap Initial Capacity: 100M
 Heap Max Capacity: 1G
 Pre-touch: Disabled
 Parallel Workers: 4
Heap:
 PSYoungGen      total 3072K, used 576K [0x00000000eab00000, 0x00000000eaf00000, 0x0000000100000000)
  eden space 1536K, 0% used [0x00000000eab00000,0x00000000eab00000,0x00000000eac80000)
  from space 1536K, 37% used [0x00000000eac80000,0x00000000ead10000,0x00000000eae00000)
  to   space 1024K, 0% used [0x00000000eae00000,0x00000000eae00000,0x00000000eaf00000)
 ParOldGen       total 113152K, used 112989K [0x00000000c0000000, 0x00000000c6e80000, 0x00000000eab00000)
  object space 113152K, 99% used [0x00000000c0000000,0x00000000c6e57428,0x00000000c6e80000)
 Metaspace       used 81041K, committed 82176K, reserved 1130496K
  class space    used 8014K, committed 8512K, reserved 1048576K
GC Heap History (20 events):
Event: 2827.637 GC heap after
{Heap after GC invocations=8027 (full 236):
 PSYoungGen      total 2048K, used 192K [0x00000000eab00000, 0x00000000eaf00000, 0x0000000100000000)
  eden space 1536K, 0% used [0x00000000eab00000,0x00000000eab00000,0x00000000eac80000)
  from space 512K, 37% used [0x00000000eae80000,0x00000000eaeb0000,0x00000000eaf00000)
  to   space 512K, 0% used [0x00000000eae00000,0x00000000eae00000,0x00000000eae80000)
 ParOldGen       total 113152K, used 109664K [0x00000000c0000000, 0x00000000c6e80000, 0x00000000eab00000)
  object space 113152K, 96% used [0x00000000c0000000,0x00000000c6b183a8,0x00000000c6e80000)
 Metaspace       used 81038K, committed 82176K, reserved 1130496K
  class space    used 8014K, committed 8512K, reserved 1048576K
}
Event: 2827.647 GC heap before
{Heap before GC invocations=8028 (full 236):
 PSYoungGen      total 2048K, used 1728K [0x00000000eab00000, 0x00000000eaf00000, 0x0000000100000000)
  eden space 1536K, 100% used [0x00000000eab00000,0x00000000eac80000,0x00000000eac80000)
  from space 512K, 37% used [0x00000000eae80000,0x00000000eaeb0000,0x00000000eaf00000)
  to   space 512K, 0% used [0x00000000eae00000,0x00000000eae00000,0x00000000eae80000)
 ParOldGen       total 113152K, used 109664K [0x00000000c0000000, 0x00000000c6e80000, 0x00000000eab00000)
  object space 113152K, 96% used [0x00000000c0000000,0x00000000c6b183a8,0x00000000c6e80000)
 Metaspace       used 81038K, committed 82176K, reserved 1130496K
  class space    used 8014K, committed 8512K, reserved 1048576K
}
Event: 2827.648 GC heap after
{Heap after GC invocations=8028 (full 236):
 PSYoungGen      total 2048K, used 496K [0x00000000eab00000, 0x00000000eaf00000, 0x0000000100000000)
  eden space 1536K, 0% used [0x00000000eab00000,0x00000000eab00000,0x00000000eac80000)
  from space 512K, 96% used [0x00000000eae00000,0x00000000eae7c010,0x00000000eae80000)
  to   space 512K, 0% used [0x00000000eae80000,0x00000000eae80000,0x00000000eaf00000)
 ParOldGen       total 113152K, used 109887K [0x00000000c0000000, 0x00000000c6e80000, 0x00000000eab00000)
  object space 113152K, 97% used [0x00000000c0000000,0x00000000c6b4fe08,0x00000000c6e80000)
 Metaspace       used 81038K, committed 82176K, reserved 1130496K
  class space    used 8014K, committed 8512K, reserved 1048576K
}
Event: 2827.658 GC heap before
{Heap before GC invocations=8029 (full 236):
 PSYoungGen      total 2048K, used 2032K [0x00000000eab00000, 0x00000000eaf00000, 0x0000000100000000)
  eden space 1536K, 100% used [0x00000000eab00000,0x00000000eac80000,0x00000000eac80000)
  from space 512K, 96% used [0x00000000eae00000,0x00000000eae7c010,0x00000000eae80000)
  to   space 512K, 0% used [0x00000000eae80000,0x00000000eae80000,0x00000000eaf00000)
 ParOldGen       total 113152K, used 109887K [0x00000000c0000000, 0x00000000c6e80000, 0x00000000eab00000)
  object space 113152K, 97% used [0x00000000c0000000,0x00000000c6b4fe08,0x00000000c6e80000)
 Metaspace       used 81041K, committed 82176K, reserved 1130496K
  class space    used 8014K, committed 8512K, reserved 1048576K
}
Event: 2827.660 GC heap after
{Heap after GC invocations=8029 (full 236):
 PSYoungGen      total 2048K, used 320K [0x00000000eab00000, 0x00000000eaf00000, 0x0000000100000000)
  eden space 1536K, 0% used [0x00000000eab00000,0x00000000eab00000,0x00000000eac80000)
  from space 512K, 62% used [0x00000000eae80000,0x00000000eaed0000,0x00000000eaf00000)
  to   space 512K, 0% used [0x00000000eae00000,0x00000000eae00000,0x00000000eae80000)
 ParOldGen       total 113152K, used 110356K [0x00000000c0000000, 0x00000000c6e80000, 0x00000000eab00000)
  object space 113152K, 97% used [0x00000000c0000000,0x00000000c6bc52a8,0x00000000c6e80000)
 Metaspace       used 81041K, committed 82176K, reserved 1130496K
  class space    used 8014K, committed 8512K, reserved 1048576K
}
Event: 2827.862 GC heap before
{Heap before GC invocations=8030 (full 236):
 PSYoungGen      total 2048K, used 1856K [0x00000000eab00000, 0x00000000eaf00000, 0x0000000100000000)
  eden space 1536K, 100% used [0x00000000eab00000,0x00000000eac80000,0x00000000eac80000)
  from space 512K, 62% used [0x00000000eae80000,0x00000000eaed0000,0x00000000eaf00000)
  to   space 512K, 0% used [0x00000000eae00000,0x00000000eae00000,0x00000000eae80000)
 ParOldGen       total 113152K, used 110356K [0x00000000c0000000, 0x00000000c6e80000, 0x00000000eab00000)
  object space 113152K, 97% used [0x00000000c0000000,0x00000000c6bc52a8,0x00000000c6e80000)
 Metaspace       used 81041K, committed 82176K, reserved 1130496K
  class space    used 8014K, committed 8512K, reserved 1048576K
}
Event: 2827.863 GC heap after
{Heap after GC invocations=8030 (full 236):
 PSYoungGen      total 2048K, used 256K [0x00000000eab00000, 0x00000000eaf00000, 0x0000000100000000)
  eden space 1536K, 0% used [0x00000000eab00000,0x00000000eab00000,0x00000000eac80000)
  from space 512K, 50% used [0x00000000eae00000,0x00000000eae40000,0x00000000eae80000)
  to   space 512K, 0% used [0x00000000eae80000,0x00000000eae80000,0x00000000eaf00000)
 ParOldGen       total 113152K, used 110492K [0x00000000c0000000, 0x00000000c6e80000, 0x00000000eab00000)
  object space 113152K, 97% used [0x00000000c0000000,0x00000000c6be72a8,0x00000000c6e80000)
 Metaspace       used 81041K, committed 82176K, reserved 1130496K
  class space    used 8014K, committed 8512K, reserved 1048576K
}
Event: 2827.869 GC heap before
{Heap before GC invocations=8031 (full 236):
 PSYoungGen      total 2048K, used 1792K [0x00000000eab00000, 0x00000000eaf00000, 0x0000000100000000)
  eden space 1536K, 100% used [0x00000000eab00000,0x00000000eac80000,0x00000000eac80000)
  from space 512K, 50% used [0x00000000eae00000,0x00000000eae40000,0x00000000eae80000)
  to   space 512K, 0% used [0x00000000eae80000,0x00000000eae80000,0x00000000eaf00000)
 ParOldGen       total 113152K, used 110492K [0x00000000c0000000, 0x00000000c6e80000, 0x00000000eab00000)
  object space 113152K, 97% used [0x00000000c0000000,0x00000000c6be72a8,0x00000000c6e80000)
 Metaspace       used 81041K, committed 82176K, reserved 1130496K
  class space    used 8014K, committed 8512K, reserved 1048576K
}
Event: 2827.870 GC heap after
{Heap after GC invocations=8031 (full 236):
 PSYoungGen      total 2048K, used 496K [0x00000000eab00000, 0x00000000eaf00000, 0x0000000100000000)
  eden space 1536K, 0% used [0x00000000eab00000,0x00000000eab00000,0x00000000eac80000)
  from space 512K, 96% used [0x00000000eae80000,0x00000000eaefc010,0x00000000eaf00000)
  to   space 1024K, 0% used [0x00000000ead00000,0x00000000ead00000,0x00000000eae00000)
 ParOldGen       total 113152K, used 110737K [0x00000000c0000000, 0x00000000c6e80000, 0x00000000eab00000)
  object space 113152K, 97% used [0x00000000c0000000,0x00000000c6c24748,0x00000000c6e80000)
 Metaspace       used 81041K, committed 82176K, reserved 1130496K
  class space    used 8014K, committed 8512K, reserved 1048576K
}
Event: 2828.216 GC heap before
{Heap before GC invocations=8032 (full 236):
 PSYoungGen      total 2048K, used 2032K [0x00000000eab00000, 0x00000000eaf00000, 0x0000000100000000)
  eden space 1536K, 100% used [0x00000000eab00000,0x00000000eac80000,0x00000000eac80000)
  from space 512K, 96% used [0x00000000eae80000,0x00000000eaefc010,0x00000000eaf00000)
  to   space 1024K, 0% used [0x00000000ead00000,0x00000000ead00000,0x00000000eae00000)
 ParOldGen       total 113152K, used 110737K [0x00000000c0000000, 0x00000000c6e80000, 0x00000000eab00000)
  object space 113152K, 97% used [0x00000000c0000000,0x00000000c6c24748,0x00000000c6e80000)
 Metaspace       used 81041K, committed 82176K, reserved 1130496K
  class space    used 8014K, committed 8512K, reserved 1048576K
}
Event: 2828.218 GC heap after
{Heap after GC invocations=8032 (full 236):
 PSYoungGen      total 2560K, used 320K [0x00000000eab00000, 0x00000000eaf00000, 0x0000000100000000)
  eden space 1536K, 0% used [0x00000000eab00000,0x00000000eab00000,0x00000000eac80000)
  from space 1024K, 31% used [0x00000000ead00000,0x00000000ead50000,0x00000000eae00000)
  to   space 512K, 0% used [0x00000000eae80000,0x00000000eae80000,0x00000000eaf00000)
 ParOldGen       total 113152K, used 111262K [0x00000000c0000000, 0x00000000c6e80000, 0x00000000eab00000)
  object space 113152K, 98% used [0x00000000c0000000,0x00000000c6ca7be8,0x00000000c6e80000)
 Metaspace       used 81041K, committed 82176K, reserved 1130496K
  class space    used 8014K, committed 8512K, reserved 1048576K
}
Event: 2828.388 GC heap before
{Heap before GC invocations=8033 (full 236):
 PSYoungGen      total 2560K, used 1856K [0x00000000eab00000, 0x00000000eaf00000, 0x0000000100000000)
  eden space 1536K, 100% used [0x00000000eab00000,0x00000000eac80000,0x00000000eac80000)
  from space 1024K, 31% used [0x00000000ead00000,0x00000000ead50000,0x00000000eae00000)
  to   space 512K, 0% used [0x00000000eae80000,0x00000000eae80000,0x00000000eaf00000)
 ParOldGen       total 113152K, used 111262K [0x00000000c0000000, 0x00000000c6e80000, 0x00000000eab00000)
  object space 113152K, 98% used [0x00000000c0000000,0x00000000c6ca7be8,0x00000000c6e80000)
 Metaspace       used 81041K, committed 82176K, reserved 1130496K
  class space    used 8014K, committed 8512K, reserved 1048576K
}
Event: 2828.389 GC heap after
{Heap after GC invocations=8033 (full 236):
 PSYoungGen      total 2048K, used 384K [0x00000000eab00000, 0x00000000eaf00000, 0x0000000100000000)
  eden space 1536K, 0% used [0x00000000eab00000,0x00000000eab00000,0x00000000eac80000)
  from space 512K, 75% used [0x00000000eae80000,0x00000000eaee0000,0x00000000eaf00000)
  to   space 512K, 0% used [0x00000000eae00000,0x00000000eae00000,0x00000000eae80000)
 ParOldGen       total 113152K, used 111516K [0x00000000c0000000, 0x00000000c6e80000, 0x00000000eab00000)
  object space 113152K, 98% used [0x00000000c0000000,0x00000000c6ce7088,0x00000000c6e80000)
 Metaspace       used 81041K, committed 82176K, reserved 1130496K
  class space    used 8014K, committed 8512K, reserved 1048576K
}
Event: 2828.400 GC heap before
{Heap before GC invocations=8034 (full 236):
 PSYoungGen      total 2048K, used 1920K [0x00000000eab00000, 0x00000000eaf00000, 0x0000000100000000)
  eden space 1536K, 100% used [0x00000000eab00000,0x00000000eac80000,0x00000000eac80000)
  from space 512K, 75% used [0x00000000eae80000,0x00000000eaee0000,0x00000000eaf00000)
  to   space 512K, 0% used [0x00000000eae00000,0x00000000eae00000,0x00000000eae80000)
 ParOldGen       total 113152K, used 111516K [0x00000000c0000000, 0x00000000c6e80000, 0x00000000eab00000)
  object space 113152K, 98% used [0x00000000c0000000,0x00000000c6ce7088,0x00000000c6e80000)
 Metaspace       used 81041K, committed 82176K, reserved 1130496K
  class space    used 8014K, committed 8512K, reserved 1048576K
}
Event: 2828.401 GC heap after
{Heap after GC invocations=8034 (full 236):
 PSYoungGen      total 2048K, used 512K [0x00000000eab00000, 0x00000000eaf00000, 0x0000000100000000)
  eden space 1536K, 0% used [0x00000000eab00000,0x00000000eab00000,0x00000000eac80000)
  from space 512K, 100% used [0x00000000eae00000,0x00000000eae80000,0x00000000eae80000)
  to   space 512K, 0% used [0x00000000eae80000,0x00000000eae80000,0x00000000eaf00000)
 ParOldGen       total 113152K, used 111913K [0x00000000c0000000, 0x00000000c6e80000, 0x00000000eab00000)
  object space 113152K, 98% used [0x00000000c0000000,0x00000000c6d4a528,0x00000000c6e80000)
 Metaspace       used 81041K, committed 82176K, reserved 1130496K
  class space    used 8014K, committed 8512K, reserved 1048576K
}
Event: 2828.415 GC heap before
{Heap before GC invocations=8035 (full 236):
 PSYoungGen      total 2048K, used 2048K [0x00000000eab00000, 0x00000000eaf00000, 0x0000000100000000)
  eden space 1536K, 100% used [0x00000000eab00000,0x00000000eac80000,0x00000000eac80000)
  from space 512K, 100% used [0x00000000eae00000,0x00000000eae80000,0x00000000eae80000)
  to   space 512K, 0% used [0x00000000eae80000,0x00000000eae80000,0x00000000eaf00000)
 ParOldGen       total 113152K, used 111913K [0x00000000c0000000, 0x00000000c6e80000, 0x00000000eab00000)
  object space 113152K, 98% used [0x00000000c0000000,0x00000000c6d4a528,0x00000000c6e80000)
 Metaspace       used 81041K, committed 82176K, reserved 1130496K
  class space    used 8014K, committed 8512K, reserved 1048576K
}
Event: 2828.417 GC heap after
{Heap after GC invocations=8035 (full 236):
 PSYoungGen      total 2048K, used 512K [0x00000000eab00000, 0x00000000eaf80000, 0x0000000100000000)
  eden space 1536K, 0% used [0x00000000eab00000,0x00000000eab00000,0x00000000eac80000)
  from space 512K, 100% used [0x00000000eae80000,0x00000000eaf00000,0x00000000eaf00000)
  to   space 1536K, 0% used [0x00000000eac80000,0x00000000eac80000,0x00000000eae00000)
 ParOldGen       total 113152K, used 112494K [0x00000000c0000000, 0x00000000c6e80000, 0x00000000eab00000)
  object space 113152K, 99% used [0x00000000c0000000,0x00000000c6ddb9e8,0x00000000c6e80000)
 Metaspace       used 81041K, committed 82176K, reserved 1130496K
  class space    used 8014K, committed 8512K, reserved 1048576K
}
Event: 2828.432 GC heap before
{Heap before GC invocations=8036 (full 236):
 PSYoungGen      total 2048K, used 2048K [0x00000000eab00000, 0x00000000eaf80000, 0x0000000100000000)
  eden space 1536K, 100% used [0x00000000eab00000,0x00000000eac80000,0x00000000eac80000)
  from space 512K, 100% used [0x00000000eae80000,0x00000000eaf00000,0x00000000eaf00000)
  to   space 1536K, 0% used [0x00000000eac80000,0x00000000eac80000,0x00000000eae00000)
 ParOldGen       total 113152K, used 112494K [0x00000000c0000000, 0x00000000c6e80000, 0x00000000eab00000)
  object space 113152K, 99% used [0x00000000c0000000,0x00000000c6ddb9e8,0x00000000c6e80000)
 Metaspace       used 81041K, committed 82176K, reserved 1130496K
  class space    used 8014K, committed 8512K, reserved 1048576K
}
Event: 2828.434 GC heap after
{Heap after GC invocations=8036 (full 236):
 PSYoungGen      total 3072K, used 576K [0x00000000eab00000, 0x00000000eaf00000, 0x0000000100000000)
  eden space 1536K, 0% used [0x00000000eab00000,0x00000000eab00000,0x00000000eac80000)
  from space 1536K, 37% used [0x00000000eac80000,0x00000000ead10000,0x00000000eae00000)
  to   space 1024K, 0% used [0x00000000eae00000,0x00000000eae00000,0x00000000eaf00000)
 ParOldGen       total 113152K, used 112989K [0x00000000c0000000, 0x00000000c6e80000, 0x00000000eab00000)
  object space 113152K, 99% used [0x00000000c0000000,0x00000000c6e57428,0x00000000c6e80000)
 Metaspace       used 81041K, committed 82176K, reserved 1130496K
  class space    used 8014K, committed 8512K, reserved 1048576K
}
Event: 2828.434 GC heap before
{Heap before GC invocations=8037 (full 237):
 PSYoungGen      total 3072K, used 576K [0x00000000eab00000, 0x00000000eaf00000, 0x0000000100000000)
  eden space 1536K, 0% used [0x00000000eab00000,0x00000000eab00000,0x00000000eac80000)
  from space 1536K, 37% used [0x00000000eac80000,0x00000000ead10000,0x00000000eae00000)
  to   space 1024K, 0% used [0x00000000eae00000,0x00000000eae00000,0x00000000eaf00000)
 ParOldGen       total 113152K, used 112989K [0x00000000c0000000, 0x00000000c6e80000, 0x00000000eab00000)
  object space 113152K, 99% used [0x00000000c0000000,0x00000000c6e57428,0x00000000c6e80000)
 Metaspace       used 81041K, committed 82176K, reserved 1130496K
  class space    used 8014K, committed 8512K, reserved 1048576K
}

